<?xml version="1.0" encoding="UTF-8"?>
<!-- Generated by org.testng.reporters.JUnitReportReporter -->
<testsuite skipped="0" hostname="LAPTOP-FIOA4GSJ" name="qaclickacademy.BikeTest" tests="3" failures="0" timestamp="27 May 2019 20:42:16 GMT" time="0.007" errors="0">
  <testcase name="bikemodel" time="0.003" classname="qaclickacademy.BikeTest"/>
  <testcase name="bikeprice" time="0.002" classname="qaclickacademy.BikeTest"/>
  <testcase name="bikecc" time="0.002" classname="qaclickacademy.BikeTest"/>
</testsuite> <!-- qaclickacademy.BikeTest -->
