<?xml version="1.0" encoding="UTF-8"?>
<!-- Generated by org.testng.reporters.JUnitReportReporter -->
<testsuite skipped="0" hostname="LAPTOP-FIOA4GSJ" name="qaclickacademy.CarTest" tests="1" failures="0" timestamp="27 May 2019 20:42:16 GMT" time="0.020" errors="0">
  <testcase name="carprice" time="0.020" classname="qaclickacademy.CarTest"/>
</testsuite> <!-- qaclickacademy.CarTest -->
