<?xml version="1.0" encoding="UTF-8"?>
<!-- Generated by org.testng.reporters.JUnitReportReporter -->
<testsuite skipped="0" hostname="LAPTOP-FIOA4GSJ" name="qaclickacademy.CarTest" tests="2" failures="0" timestamp="17 May 2019 21:03:46 GMT" time="0.000" errors="0">
  <testcase name="carprice" time="0.000" classname="qaclickacademy.CarTest"/>
  <testcase name="carmodel" time="0.000" classname="qaclickacademy.CarTest"/>
</testsuite> <!-- qaclickacademy.CarTest -->
