<?xml version="1.0" encoding="UTF-8"?>
<!-- Generated by org.testng.reporters.JUnitReportReporter -->
<testsuite skipped="0" hostname="LAPTOP-FIOA4GSJ" name="qaclickacademy.BikeTest" tests="3" failures="0" timestamp="17 May 2019 21:03:46 GMT" time="0.008" errors="0">
  <testcase name="bikeprice" time="0.000" classname="qaclickacademy.BikeTest"/>
  <testcase name="bikecc" time="0.000" classname="qaclickacademy.BikeTest"/>
  <testcase name="bikemodel" time="0.008" classname="qaclickacademy.BikeTest"/>
</testsuite> <!-- qaclickacademy.BikeTest -->
